<?xml version="1.0" encoding="UTF-8"?>
<testng-results skipped="0" failed="0" ignored="0" total="1" passed="1">
  <reporter-output>
  </reporter-output>
  <suite name="Default suite" duration-ms="22883" started-at="2020-04-02T02:40:59 PDT" finished-at="2020-04-02T02:41:21 PDT">
    <groups>
      <group name="cucumber">
        <method signature="AbstractTestNGCucumberTests.runScenario(io.cucumber.testng.PickleWrapper, io.cucumber.testng.FeatureWrapper)[pri:0, instance:testRunners.RunnerCreateAccountNegative@5a1c0542]" name="runScenario" class="io.cucumber.testng.AbstractTestNGCucumberTests"/>
      </group> <!-- cucumber -->
    </groups>
    <test name="Default test" duration-ms="22883" started-at="2020-04-02T02:40:59 PDT" finished-at="2020-04-02T02:41:21 PDT">
      <class name="testRunners.RunnerCreateAccountNegative">
        <test-method status="PASS" signature="setUpClass()[pri:0, instance:testRunners.RunnerCreateAccountNegative@5a1c0542]" name="setUpClass" is-config="true" duration-ms="433" started-at="2020-04-02T02:40:59 PDT" finished-at="2020-04-02T02:40:59 PDT">
          <reporter-output>
          </reporter-output>
        </test-method> <!-- setUpClass -->
        <test-method status="PASS" signature="runScenario(io.cucumber.testng.PickleWrapper, io.cucumber.testng.FeatureWrapper)[pri:0, instance:testRunners.RunnerCreateAccountNegative@5a1c0542]" name="runScenario" duration-ms="22378" started-at="2020-04-02T02:40:59 PDT" description="Runs Cucumber Scenarios" data-provider="scenarios" finished-at="2020-04-02T02:41:21 PDT">
          <params>
            <param index="0">
              <value>
                <![CDATA["User should not be able to create an account if required fields are empty"]]>
              </value>
            </param>
            <param index="1">
              <value>
                <![CDATA["Create New Account"]]>
              </value>
            </param>
          </params>
          <reporter-output>
          </reporter-output>
        </test-method> <!-- runScenario -->
        <test-method status="PASS" signature="tearDownClass()[pri:0, instance:testRunners.RunnerCreateAccountNegative@5a1c0542]" name="tearDownClass" is-config="true" duration-ms="6" started-at="2020-04-02T02:41:21 PDT" finished-at="2020-04-02T02:41:21 PDT">
          <reporter-output>
          </reporter-output>
        </test-method> <!-- tearDownClass -->
      </class> <!-- testRunners.RunnerCreateAccountNegative -->
    </test> <!-- Default test -->
  </suite> <!-- Default suite -->
</testng-results>
